2013/07/27 16:12:06 [error] [exception.CException] exception 'CException' with message 'Property "CWebApplication.bootstrap" is not defined.' in /var/www/yii-1.1.13.e9e4a0/framework/base/CComponent.php:130
Stack trace:
#0 /var/www/yii-1.1.13.e9e4a0/framework/base/CModule.php(105): CComponent->__get('bootstrap')
#1 /var/www/yiiprojetos/PlanerEngenharia/themes/bootstrap/views/layouts/main.php(12): CModule->__get('bootstrap')
#2 /var/www/yii-1.1.13.e9e4a0/framework/web/CBaseController.php(126): require('/var/www/yiipro...')
#3 /var/www/yii-1.1.13.e9e4a0/framework/web/CBaseController.php(95): CBaseController->renderInternal('/var/www/yiipro...', Array, true)
#4 /var/www/yii-1.1.13.e9e4a0/framework/web/widgets/CContentDecorator.php(76): CBaseController->renderFile('/var/www/yiipro...', Array, true)
#5 /var/www/yii-1.1.13.e9e4a0/framework/web/widgets/CContentDecorator.php(54): CContentDecorator->decorate('<div id="conten...')
#6 /var/www/yii-1.1.13.e9e4a0/framework/web/widgets/COutputProcessor.php(44): CContentDecorator->processOutput('<div id="conten...')
#7 /var/www/yii-1.1.13.e9e4a0/framework/web/CBaseController.php(206): COutputProcessor->run()
#8 /var/www/yii-1.1.13.e9e4a0/framework/web/CBaseController.php(300): CBaseController->endWidget('CContentDecorat...')
#9 /var/www/yiiprojetos/PlanerEngenharia/protected/views/layouts/column1.php(6): CBaseController->endContent()
#10 /var/www/yii-1.1.13.e9e4a0/framework/web/CBaseController.php(126): require('/var/www/yiipro...')
#11 /var/www/yii-1.1.13.e9e4a0/framework/web/CBaseController.php(95): CBaseController->renderInternal('/var/www/yiipro...', Array, true)
#12 /var/www/yii-1.1.13.e9e4a0/framework/web/CController.php(784): CBaseController->renderFile('/var/www/yiipro...', Array, true)
#13 /var/www/yiiprojetos/PlanerEngenharia/protected/controllers/SiteController.php(32): CController->render('index')
#14 /var/www/yii-1.1.13.e9e4a0/framework/web/actions/CInlineAction.php(49): SiteController->actionIndex()
#15 /var/www/yii-1.1.13.e9e4a0/framework/web/CController.php(308): CInlineAction->runWithParams(Array)
#16 /var/www/yii-1.1.13.e9e4a0/framework/web/CController.php(286): CController->runAction(Object(CInlineAction))
#17 /var/www/yii-1.1.13.e9e4a0/framework/web/CController.php(265): CController->runActionWithFilters(Object(CInlineAction), Array)
#18 /var/www/yii-1.1.13.e9e4a0/framework/web/CWebApplication.php(282): CController->run('')
#19 /var/www/yii-1.1.13.e9e4a0/framework/web/CWebApplication.php(141): CWebApplication->runController('')
#20 /var/www/yii-1.1.13.e9e4a0/framework/base/CApplication.php(169): CWebApplication->processRequest()
#21 /var/www/yiiprojetos/PlanerEngenharia/index.php(13): CApplication->run()
#22 {main}
REQUEST_URI=/yiiprojetos/PlanerEngenharia/index.php
---
2013/07/27 16:12:51 [error] [exception.CException] exception 'CException' with message 'Property "CWebApplication.bootstrap" is not defined.' in /var/www/yii-1.1.13.e9e4a0/framework/base/CComponent.php:130
Stack trace:
#0 /var/www/yii-1.1.13.e9e4a0/framework/base/CModule.php(105): CComponent->__get('bootstrap')
#1 /var/www/yiiprojetos/PlanerEngenharia/themes/bootstrap/views/layouts/main.php(12): CModule->__get('bootstrap')
#2 /var/www/yii-1.1.13.e9e4a0/framework/web/CBaseController.php(126): require('/var/www/yiipro...')
#3 /var/www/yii-1.1.13.e9e4a0/framework/web/CBaseController.php(95): CBaseController->renderInternal('/var/www/yiipro...', Array, true)
#4 /var/www/yii-1.1.13.e9e4a0/framework/web/widgets/CContentDecorator.php(76): CBaseController->renderFile('/var/www/yiipro...', Array, true)
#5 /var/www/yii-1.1.13.e9e4a0/framework/web/widgets/CContentDecorator.php(54): CContentDecorator->decorate('<div id="conten...')
#6 /var/www/yii-1.1.13.e9e4a0/framework/web/widgets/COutputProcessor.php(44): CContentDecorator->processOutput('<div id="conten...')
#7 /var/www/yii-1.1.13.e9e4a0/framework/web/CBaseController.php(206): COutputProcessor->run()
#8 /var/www/yii-1.1.13.e9e4a0/framework/web/CBaseController.php(300): CBaseController->endWidget('CContentDecorat...')
#9 /var/www/yiiprojetos/PlanerEngenharia/protected/views/layouts/column1.php(6): CBaseController->endContent()
#10 /var/www/yii-1.1.13.e9e4a0/framework/web/CBaseController.php(126): require('/var/www/yiipro...')
#11 /var/www/yii-1.1.13.e9e4a0/framework/web/CBaseController.php(95): CBaseController->renderInternal('/var/www/yiipro...', Array, true)
#12 /var/www/yii-1.1.13.e9e4a0/framework/web/CController.php(784): CBaseController->renderFile('/var/www/yiipro...', Array, true)
#13 /var/www/yiiprojetos/PlanerEngenharia/protected/controllers/SiteController.php(32): CController->render('index')
#14 /var/www/yii-1.1.13.e9e4a0/framework/web/actions/CInlineAction.php(49): SiteController->actionIndex()
#15 /var/www/yii-1.1.13.e9e4a0/framework/web/CController.php(308): CInlineAction->runWithParams(Array)
#16 /var/www/yii-1.1.13.e9e4a0/framework/web/CController.php(286): CController->runAction(Object(CInlineAction))
#17 /var/www/yii-1.1.13.e9e4a0/framework/web/CController.php(265): CController->runActionWithFilters(Object(CInlineAction), Array)
#18 /var/www/yii-1.1.13.e9e4a0/framework/web/CWebApplication.php(282): CController->run('')
#19 /var/www/yii-1.1.13.e9e4a0/framework/web/CWebApplication.php(141): CWebApplication->runController('')
#20 /var/www/yii-1.1.13.e9e4a0/framework/base/CApplication.php(169): CWebApplication->processRequest()
#21 /var/www/yiiprojetos/PlanerEngenharia/index.php(13): CApplication->run()
#22 {main}
REQUEST_URI=/yiiprojetos/PlanerEngenharia/index.php
---
2013/07/27 16:12:52 [error] [exception.CException] exception 'CException' with message 'Property "CWebApplication.bootstrap" is not defined.' in /var/www/yii-1.1.13.e9e4a0/framework/base/CComponent.php:130
Stack trace:
#0 /var/www/yii-1.1.13.e9e4a0/framework/base/CModule.php(105): CComponent->__get('bootstrap')
#1 /var/www/yiiprojetos/PlanerEngenharia/themes/bootstrap/views/layouts/main.php(12): CModule->__get('bootstrap')
#2 /var/www/yii-1.1.13.e9e4a0/framework/web/CBaseController.php(126): require('/var/www/yiipro...')
#3 /var/www/yii-1.1.13.e9e4a0/framework/web/CBaseController.php(95): CBaseController->renderInternal('/var/www/yiipro...', Array, true)
#4 /var/www/yii-1.1.13.e9e4a0/framework/web/widgets/CContentDecorator.php(76): CBaseController->renderFile('/var/www/yiipro...', Array, true)
#5 /var/www/yii-1.1.13.e9e4a0/framework/web/widgets/CContentDecorator.php(54): CContentDecorator->decorate('<div id="conten...')
#6 /var/www/yii-1.1.13.e9e4a0/framework/web/widgets/COutputProcessor.php(44): CContentDecorator->processOutput('<div id="conten...')
#7 /var/www/yii-1.1.13.e9e4a0/framework/web/CBaseController.php(206): COutputProcessor->run()
#8 /var/www/yii-1.1.13.e9e4a0/framework/web/CBaseController.php(300): CBaseController->endWidget('CContentDecorat...')
#9 /var/www/yiiprojetos/PlanerEngenharia/protected/views/layouts/column1.php(6): CBaseController->endContent()
#10 /var/www/yii-1.1.13.e9e4a0/framework/web/CBaseController.php(126): require('/var/www/yiipro...')
#11 /var/www/yii-1.1.13.e9e4a0/framework/web/CBaseController.php(95): CBaseController->renderInternal('/var/www/yiipro...', Array, true)
#12 /var/www/yii-1.1.13.e9e4a0/framework/web/CController.php(784): CBaseController->renderFile('/var/www/yiipro...', Array, true)
#13 /var/www/yiiprojetos/PlanerEngenharia/protected/controllers/SiteController.php(32): CController->render('index')
#14 /var/www/yii-1.1.13.e9e4a0/framework/web/actions/CInlineAction.php(49): SiteController->actionIndex()
#15 /var/www/yii-1.1.13.e9e4a0/framework/web/CController.php(308): CInlineAction->runWithParams(Array)
#16 /var/www/yii-1.1.13.e9e4a0/framework/web/CController.php(286): CController->runAction(Object(CInlineAction))
#17 /var/www/yii-1.1.13.e9e4a0/framework/web/CController.php(265): CController->runActionWithFilters(Object(CInlineAction), Array)
#18 /var/www/yii-1.1.13.e9e4a0/framework/web/CWebApplication.php(282): CController->run('')
#19 /var/www/yii-1.1.13.e9e4a0/framework/web/CWebApplication.php(141): CWebApplication->runController('')
#20 /var/www/yii-1.1.13.e9e4a0/framework/base/CApplication.php(169): CWebApplication->processRequest()
#21 /var/www/yiiprojetos/PlanerEngenharia/index.php(13): CApplication->run()
#22 {main}
REQUEST_URI=/yiiprojetos/PlanerEngenharia/index.php
---
2013/07/27 16:14:24 [error] [exception.CException] exception 'CException' with message 'Property "CWebApplication.bootstrap" is not defined.' in /var/www/yii-1.1.13.e9e4a0/framework/base/CComponent.php:130
Stack trace:
#0 /var/www/yii-1.1.13.e9e4a0/framework/base/CModule.php(105): CComponent->__get('bootstrap')
#1 /var/www/yiiprojetos/PlanerEngenharia/themes/bootstrap/views/layouts/main.php(12): CModule->__get('bootstrap')
#2 /var/www/yii-1.1.13.e9e4a0/framework/web/CBaseController.php(126): require('/var/www/yiipro...')
#3 /var/www/yii-1.1.13.e9e4a0/framework/web/CBaseController.php(95): CBaseController->renderInternal('/var/www/yiipro...', Array, true)
#4 /var/www/yii-1.1.13.e9e4a0/framework/web/widgets/CContentDecorator.php(76): CBaseController->renderFile('/var/www/yiipro...', Array, true)
#5 /var/www/yii-1.1.13.e9e4a0/framework/web/widgets/CContentDecorator.php(54): CContentDecorator->decorate('<div id="conten...')
#6 /var/www/yii-1.1.13.e9e4a0/framework/web/widgets/COutputProcessor.php(44): CContentDecorator->processOutput('<div id="conten...')
#7 /var/www/yii-1.1.13.e9e4a0/framework/web/CBaseController.php(206): COutputProcessor->run()
#8 /var/www/yii-1.1.13.e9e4a0/framework/web/CBaseController.php(300): CBaseController->endWidget('CContentDecorat...')
#9 /var/www/yiiprojetos/PlanerEngenharia/protected/views/layouts/column1.php(6): CBaseController->endContent()
#10 /var/www/yii-1.1.13.e9e4a0/framework/web/CBaseController.php(126): require('/var/www/yiipro...')
#11 /var/www/yii-1.1.13.e9e4a0/framework/web/CBaseController.php(95): CBaseController->renderInternal('/var/www/yiipro...', Array, true)
#12 /var/www/yii-1.1.13.e9e4a0/framework/web/CController.php(784): CBaseController->renderFile('/var/www/yiipro...', Array, true)
#13 /var/www/yiiprojetos/PlanerEngenharia/protected/controllers/SiteController.php(32): CController->render('index')
#14 /var/www/yii-1.1.13.e9e4a0/framework/web/actions/CInlineAction.php(49): SiteController->actionIndex()
#15 /var/www/yii-1.1.13.e9e4a0/framework/web/CController.php(308): CInlineAction->runWithParams(Array)
#16 /var/www/yii-1.1.13.e9e4a0/framework/web/CController.php(286): CController->runAction(Object(CInlineAction))
#17 /var/www/yii-1.1.13.e9e4a0/framework/web/CController.php(265): CController->runActionWithFilters(Object(CInlineAction), Array)
#18 /var/www/yii-1.1.13.e9e4a0/framework/web/CWebApplication.php(282): CController->run('')
#19 /var/www/yii-1.1.13.e9e4a0/framework/web/CWebApplication.php(141): CWebApplication->runController('')
#20 /var/www/yii-1.1.13.e9e4a0/framework/base/CApplication.php(169): CWebApplication->processRequest()
#21 /var/www/yiiprojetos/PlanerEngenharia/index.php(13): CApplication->run()
#22 {main}
REQUEST_URI=/yiiprojetos/PlanerEngenharia/index.php
---
2013/07/27 16:14:24 [error] [exception.CException] exception 'CException' with message 'Property "CWebApplication.bootstrap" is not defined.' in /var/www/yii-1.1.13.e9e4a0/framework/base/CComponent.php:130
Stack trace:
#0 /var/www/yii-1.1.13.e9e4a0/framework/base/CModule.php(105): CComponent->__get('bootstrap')
#1 /var/www/yiiprojetos/PlanerEngenharia/themes/bootstrap/views/layouts/main.php(12): CModule->__get('bootstrap')
#2 /var/www/yii-1.1.13.e9e4a0/framework/web/CBaseController.php(126): require('/var/www/yiipro...')
#3 /var/www/yii-1.1.13.e9e4a0/framework/web/CBaseController.php(95): CBaseController->renderInternal('/var/www/yiipro...', Array, true)
#4 /var/www/yii-1.1.13.e9e4a0/framework/web/widgets/CContentDecorator.php(76): CBaseController->renderFile('/var/www/yiipro...', Array, true)
#5 /var/www/yii-1.1.13.e9e4a0/framework/web/widgets/CContentDecorator.php(54): CContentDecorator->decorate('<div id="conten...')
#6 /var/www/yii-1.1.13.e9e4a0/framework/web/widgets/COutputProcessor.php(44): CContentDecorator->processOutput('<div id="conten...')
#7 /var/www/yii-1.1.13.e9e4a0/framework/web/CBaseController.php(206): COutputProcessor->run()
#8 /var/www/yii-1.1.13.e9e4a0/framework/web/CBaseController.php(300): CBaseController->endWidget('CContentDecorat...')
#9 /var/www/yiiprojetos/PlanerEngenharia/protected/views/layouts/column1.php(6): CBaseController->endContent()
#10 /var/www/yii-1.1.13.e9e4a0/framework/web/CBaseController.php(126): require('/var/www/yiipro...')
#11 /var/www/yii-1.1.13.e9e4a0/framework/web/CBaseController.php(95): CBaseController->renderInternal('/var/www/yiipro...', Array, true)
#12 /var/www/yii-1.1.13.e9e4a0/framework/web/CController.php(784): CBaseController->renderFile('/var/www/yiipro...', Array, true)
#13 /var/www/yiiprojetos/PlanerEngenharia/protected/controllers/SiteController.php(32): CController->render('index')
#14 /var/www/yii-1.1.13.e9e4a0/framework/web/actions/CInlineAction.php(49): SiteController->actionIndex()
#15 /var/www/yii-1.1.13.e9e4a0/framework/web/CController.php(308): CInlineAction->runWithParams(Array)
#16 /var/www/yii-1.1.13.e9e4a0/framework/web/CController.php(286): CController->runAction(Object(CInlineAction))
#17 /var/www/yii-1.1.13.e9e4a0/framework/web/CController.php(265): CController->runActionWithFilters(Object(CInlineAction), Array)
#18 /var/www/yii-1.1.13.e9e4a0/framework/web/CWebApplication.php(282): CController->run('')
#19 /var/www/yii-1.1.13.e9e4a0/framework/web/CWebApplication.php(141): CWebApplication->runController('')
#20 /var/www/yii-1.1.13.e9e4a0/framework/base/CApplication.php(169): CWebApplication->processRequest()
#21 /var/www/yiiprojetos/PlanerEngenharia/index.php(13): CApplication->run()
#22 {main}
REQUEST_URI=/yiiprojetos/PlanerEngenharia/index.php
---
2013/07/27 16:16:27 [error] [exception.CException] exception 'CException' with message 'Property "CWebApplication.bootstrap" is not defined.' in /var/www/yii-1.1.13.e9e4a0/framework/base/CComponent.php:130
Stack trace:
#0 /var/www/yii-1.1.13.e9e4a0/framework/base/CModule.php(105): CComponent->__get('bootstrap')
#1 /var/www/yiiprojetos/PlanerEngenharia/themes/bootstrap/views/layouts/main.php(12): CModule->__get('bootstrap')
#2 /var/www/yii-1.1.13.e9e4a0/framework/web/CBaseController.php(126): require('/var/www/yiipro...')
#3 /var/www/yii-1.1.13.e9e4a0/framework/web/CBaseController.php(95): CBaseController->renderInternal('/var/www/yiipro...', Array, true)
#4 /var/www/yii-1.1.13.e9e4a0/framework/web/widgets/CContentDecorator.php(76): CBaseController->renderFile('/var/www/yiipro...', Array, true)
#5 /var/www/yii-1.1.13.e9e4a0/framework/web/widgets/CContentDecorator.php(54): CContentDecorator->decorate('<div id="conten...')
#6 /var/www/yii-1.1.13.e9e4a0/framework/web/widgets/COutputProcessor.php(44): CContentDecorator->processOutput('<div id="conten...')
#7 /var/www/yii-1.1.13.e9e4a0/framework/web/CBaseController.php(206): COutputProcessor->run()
#8 /var/www/yii-1.1.13.e9e4a0/framework/web/CBaseController.php(300): CBaseController->endWidget('CContentDecorat...')
#9 /var/www/yiiprojetos/PlanerEngenharia/protected/views/layouts/column1.php(6): CBaseController->endContent()
#10 /var/www/yii-1.1.13.e9e4a0/framework/web/CBaseController.php(126): require('/var/www/yiipro...')
#11 /var/www/yii-1.1.13.e9e4a0/framework/web/CBaseController.php(95): CBaseController->renderInternal('/var/www/yiipro...', Array, true)
#12 /var/www/yii-1.1.13.e9e4a0/framework/web/CController.php(784): CBaseController->renderFile('/var/www/yiipro...', Array, true)
#13 /var/www/yiiprojetos/PlanerEngenharia/protected/controllers/SiteController.php(32): CController->render('index')
#14 /var/www/yii-1.1.13.e9e4a0/framework/web/actions/CInlineAction.php(49): SiteController->actionIndex()
#15 /var/www/yii-1.1.13.e9e4a0/framework/web/CController.php(308): CInlineAction->runWithParams(Array)
#16 /var/www/yii-1.1.13.e9e4a0/framework/web/CController.php(286): CController->runAction(Object(CInlineAction))
#17 /var/www/yii-1.1.13.e9e4a0/framework/web/CController.php(265): CController->runActionWithFilters(Object(CInlineAction), Array)
#18 /var/www/yii-1.1.13.e9e4a0/framework/web/CWebApplication.php(282): CController->run('')
#19 /var/www/yii-1.1.13.e9e4a0/framework/web/CWebApplication.php(141): CWebApplication->runController('')
#20 /var/www/yii-1.1.13.e9e4a0/framework/base/CApplication.php(169): CWebApplication->processRequest()
#21 /var/www/yiiprojetos/PlanerEngenharia/index.php(13): CApplication->run()
#22 {main}
REQUEST_URI=/yiiprojetos/PlanerEngenharia/index.php
---
2013/07/27 16:16:28 [error] [exception.CException] exception 'CException' with message 'Property "CWebApplication.bootstrap" is not defined.' in /var/www/yii-1.1.13.e9e4a0/framework/base/CComponent.php:130
Stack trace:
#0 /var/www/yii-1.1.13.e9e4a0/framework/base/CModule.php(105): CComponent->__get('bootstrap')
#1 /var/www/yiiprojetos/PlanerEngenharia/themes/bootstrap/views/layouts/main.php(12): CModule->__get('bootstrap')
#2 /var/www/yii-1.1.13.e9e4a0/framework/web/CBaseController.php(126): require('/var/www/yiipro...')
#3 /var/www/yii-1.1.13.e9e4a0/framework/web/CBaseController.php(95): CBaseController->renderInternal('/var/www/yiipro...', Array, true)
#4 /var/www/yii-1.1.13.e9e4a0/framework/web/widgets/CContentDecorator.php(76): CBaseController->renderFile('/var/www/yiipro...', Array, true)
#5 /var/www/yii-1.1.13.e9e4a0/framework/web/widgets/CContentDecorator.php(54): CContentDecorator->decorate('<div id="conten...')
#6 /var/www/yii-1.1.13.e9e4a0/framework/web/widgets/COutputProcessor.php(44): CContentDecorator->processOutput('<div id="conten...')
#7 /var/www/yii-1.1.13.e9e4a0/framework/web/CBaseController.php(206): COutputProcessor->run()
#8 /var/www/yii-1.1.13.e9e4a0/framework/web/CBaseController.php(300): CBaseController->endWidget('CContentDecorat...')
#9 /var/www/yiiprojetos/PlanerEngenharia/protected/views/layouts/column1.php(6): CBaseController->endContent()
#10 /var/www/yii-1.1.13.e9e4a0/framework/web/CBaseController.php(126): require('/var/www/yiipro...')
#11 /var/www/yii-1.1.13.e9e4a0/framework/web/CBaseController.php(95): CBaseController->renderInternal('/var/www/yiipro...', Array, true)
#12 /var/www/yii-1.1.13.e9e4a0/framework/web/CController.php(784): CBaseController->renderFile('/var/www/yiipro...', Array, true)
#13 /var/www/yiiprojetos/PlanerEngenharia/protected/controllers/SiteController.php(32): CController->render('index')
#14 /var/www/yii-1.1.13.e9e4a0/framework/web/actions/CInlineAction.php(49): SiteController->actionIndex()
#15 /var/www/yii-1.1.13.e9e4a0/framework/web/CController.php(308): CInlineAction->runWithParams(Array)
#16 /var/www/yii-1.1.13.e9e4a0/framework/web/CController.php(286): CController->runAction(Object(CInlineAction))
#17 /var/www/yii-1.1.13.e9e4a0/framework/web/CController.php(265): CController->runActionWithFilters(Object(CInlineAction), Array)
#18 /var/www/yii-1.1.13.e9e4a0/framework/web/CWebApplication.php(282): CController->run('')
#19 /var/www/yii-1.1.13.e9e4a0/framework/web/CWebApplication.php(141): CWebApplication->runController('')
#20 /var/www/yii-1.1.13.e9e4a0/framework/base/CApplication.php(169): CWebApplication->processRequest()
#21 /var/www/yiiprojetos/PlanerEngenharia/index.php(13): CApplication->run()
#22 {main}
REQUEST_URI=/yiiprojetos/PlanerEngenharia/index.php
---
2013/07/28 12:49:04 [error] [exception.CHttpException.404] exception 'CHttpException' with message 'Unable to resolve the request "GII".' in /var/www/yii-1.1.13.e9e4a0/framework/web/CWebApplication.php:286
Stack trace:
#0 /var/www/yii-1.1.13.e9e4a0/framework/web/CWebApplication.php(141): CWebApplication->runController('GII')
#1 /var/www/yii-1.1.13.e9e4a0/framework/base/CApplication.php(169): CWebApplication->processRequest()
#2 /var/www/yiiprojetos/PlanerEngenharia/index.php(13): CApplication->run()
#3 {main}
REQUEST_URI=/yiiprojetos/PlanerEngenharia/index.php/GII
---
2013/07/28 13:47:32 [error] [php] Undefined index: uf (/var/www/yiiprojetos/PlanerEngenharia/protected/extensions/BuscaEnderecoViaCEP.php:32)
Stack trace:
#0 /var/www/yiiprojetos/PlanerEngenharia/protected/views/cliente/_form.php(26): ClienteController->widget()
#1 /var/www/yii-1.1.13.e9e4a0/framework/web/CBaseController.php(126): require()
#2 /var/www/yii-1.1.13.e9e4a0/framework/web/CBaseController.php(95): ClienteController->renderInternal()
#3 /var/www/yii-1.1.13.e9e4a0/framework/web/CController.php(869): ClienteController->renderFile()
#4 /var/www/yiiprojetos/PlanerEngenharia/protected/views/cliente/create.php(15): ClienteController->renderPartial()
#5 /var/www/yii-1.1.13.e9e4a0/framework/web/CBaseController.php(126): require()
#6 /var/www/yii-1.1.13.e9e4a0/framework/web/CBaseController.php(95): ClienteController->renderInternal()
#7 /var/www/yii-1.1.13.e9e4a0/framework/web/CController.php(869): ClienteController->renderFile()
#8 /var/www/yii-1.1.13.e9e4a0/framework/web/CController.php(782): ClienteController->renderPartial()
#9 /var/www/yiiprojetos/PlanerEngenharia/protected/controllers/ClienteController.php(78): ClienteController->render()
#10 /var/www/yii-1.1.13.e9e4a0/framework/web/actions/CInlineAction.php(49): ClienteController->actionCreate()
#11 /var/www/yii-1.1.13.e9e4a0/framework/web/CController.php(308): CInlineAction->runWithParams()
#12 /var/www/yii-1.1.13.e9e4a0/framework/web/filters/CFilterChain.php(133): ClienteController->runAction()
#13 /var/www/yii-1.1.13.e9e4a0/framework/web/filters/CFilter.php(40): CFilterChain->run()
#14 /var/www/yii-1.1.13.e9e4a0/framework/web/CController.php(1145): CAccessControlFilter->filter()
#15 /var/www/yii-1.1.13.e9e4a0/framework/web/filters/CInlineFilter.php(58): ClienteController->filterAccessControl()
#16 /var/www/yii-1.1.13.e9e4a0/framework/web/filters/CFilterChain.php(130): CInlineFilter->filter()
#17 /var/www/yii-1.1.13.e9e4a0/framework/web/CController.php(291): CFilterChain->run()
#18 /var/www/yii-1.1.13.e9e4a0/framework/web/CController.php(265): ClienteController->runActionWithFilters()
#19 /var/www/yii-1.1.13.e9e4a0/framework/web/CWebApplication.php(282): ClienteController->run()
#20 /var/www/yii-1.1.13.e9e4a0/framework/web/CWebApplication.php(141): CWebApplication->runController()
#21 /var/www/yii-1.1.13.e9e4a0/framework/base/CApplication.php(169): CWebApplication->processRequest()
#22 /var/www/yiiprojetos/PlanerEngenharia/index.php(13): CWebApplication->run()
REQUEST_URI=/yiiprojetos/PlanerEngenharia/index.php/cliente/create
in /var/www/yiiprojetos/PlanerEngenharia/protected/extensions/BuscaEnderecoViaCEP.php (32)
in /var/www/yiiprojetos/PlanerEngenharia/protected/views/cliente/_form.php (26)
in /var/www/yiiprojetos/PlanerEngenharia/protected/views/cliente/create.php (15)
2013/07/30 18:59:49 [error] [exception.CHttpException.404] exception 'CHttpException' with message 'O sistema não foi capaz de encontrar a ação "admin" solicitada.' in /var/www/yii-1.1.13.e9e4a0/framework/web/CController.php:483
Stack trace:
#0 /var/www/yii-1.1.13.e9e4a0/framework/web/CController.php(270): CController->missingAction('admin')
#1 /var/www/yii-1.1.13.e9e4a0/framework/web/CWebApplication.php(282): CController->run('admin')
#2 /var/www/yii-1.1.13.e9e4a0/framework/web/CWebApplication.php(141): CWebApplication->runController('site/admin')
#3 /var/www/yii-1.1.13.e9e4a0/framework/base/CApplication.php(169): CWebApplication->processRequest()
#4 /var/www/yiiprojetos/PlanerEngenharia/index.php(13): CApplication->run()
#5 {main}
REQUEST_URI=/yiiprojetos/PlanerEngenharia/index.php/site/admin
HTTP_REFERER=http://localhost/yiiprojetos/PlanerEngenharia/index.php/cliente/admin
---
2013/07/30 19:00:04 [error] [exception.CHttpException.404] exception 'CHttpException' with message 'O sistema não foi capaz de encontrar a ação "admin" solicitada.' in /var/www/yii-1.1.13.e9e4a0/framework/web/CController.php:483
Stack trace:
#0 /var/www/yii-1.1.13.e9e4a0/framework/web/CController.php(270): CController->missingAction('admin')
#1 /var/www/yii-1.1.13.e9e4a0/framework/web/CWebApplication.php(282): CController->run('admin')
#2 /var/www/yii-1.1.13.e9e4a0/framework/web/CWebApplication.php(141): CWebApplication->runController('site/admin')
#3 /var/www/yii-1.1.13.e9e4a0/framework/base/CApplication.php(169): CWebApplication->processRequest()
#4 /var/www/yiiprojetos/PlanerEngenharia/index.php(13): CApplication->run()
#5 {main}
REQUEST_URI=/yiiprojetos/PlanerEngenharia/index.php/site/admin
HTTP_REFERER=http://localhost/yiiprojetos/PlanerEngenharia/index.php/cliente/admin
---
2013/07/30 19:08:01 [error] [exception.CException] exception 'CException' with message 'A propriedade "Cliente.Nome" não está definida.' in /var/www/yii-1.1.13.e9e4a0/framework/base/CComponent.php:130
Stack trace:
#0 /var/www/yii-1.1.13.e9e4a0/framework/db/ar/CActiveRecord.php(143): CComponent->__get('Nome')
#1 /var/www/yiiprojetos/PlanerEngenharia/protected/views/cliente/view.php(17): CActiveRecord->__get('Nome')
#2 /var/www/yii-1.1.13.e9e4a0/framework/web/CBaseController.php(126): require('/var/www/yiipro...')
#3 /var/www/yii-1.1.13.e9e4a0/framework/web/CBaseController.php(95): CBaseController->renderInternal('/var/www/yiipro...', Array, true)
#4 /var/www/yii-1.1.13.e9e4a0/framework/web/CController.php(869): CBaseController->renderFile('/var/www/yiipro...', Array, true)
#5 /var/www/yii-1.1.13.e9e4a0/framework/web/CController.php(782): CController->renderPartial('view', Array, true)
#6 /var/www/yiiprojetos/PlanerEngenharia/protected/controllers/ClienteController.php(55): CController->render('view', Array)
#7 [internal function]: ClienteController->actionView('1')
#8 /var/www/yii-1.1.13.e9e4a0/framework/web/actions/CAction.php(108): ReflectionMethod->invokeArgs(Object(ClienteController), Array)
#9 /var/www/yii-1.1.13.e9e4a0/framework/web/actions/CInlineAction.php(47): CAction->runWithParamsInternal(Object(ClienteController), Object(ReflectionMethod), Array)
#10 /var/www/yii-1.1.13.e9e4a0/framework/web/CController.php(308): CInlineAction->runWithParams(Array)
#11 /var/www/yii-1.1.13.e9e4a0/framework/web/filters/CFilterChain.php(133): CController->runAction(Object(CInlineAction))
#12 /var/www/yii-1.1.13.e9e4a0/framework/web/filters/CFilter.php(40): CFilterChain->run()
#13 /var/www/yii-1.1.13.e9e4a0/framework/web/CController.php(1145): CFilter->filter(Object(CFilterChain))
#14 /var/www/yii-1.1.13.e9e4a0/framework/web/filters/CInlineFilter.php(58): CController->filterAccessControl(Object(CFilterChain))
#15 /var/www/yii-1.1.13.e9e4a0/framework/web/filters/CFilterChain.php(130): CInlineFilter->filter(Object(CFilterChain))
#16 /var/www/yii-1.1.13.e9e4a0/framework/web/CController.php(291): CFilterChain->run()
#17 /var/www/yii-1.1.13.e9e4a0/framework/web/CController.php(265): CController->runActionWithFilters(Object(CInlineAction), Array)
#18 /var/www/yii-1.1.13.e9e4a0/framework/web/CWebApplication.php(282): CController->run('view')
#19 /var/www/yii-1.1.13.e9e4a0/framework/web/CWebApplication.php(141): CWebApplication->runController('cliente/view')
#20 /var/www/yii-1.1.13.e9e4a0/framework/base/CApplication.php(169): CWebApplication->processRequest()
#21 /var/www/yiiprojetos/PlanerEngenharia/index.php(13): CApplication->run()
#22 {main}
REQUEST_URI=/yiiprojetos/PlanerEngenharia/index.php/cliente/1
HTTP_REFERER=http://localhost/yiiprojetos/PlanerEngenharia/index.php/cliente/admin
---
2013/07/30 19:08:19 [error] [exception.CException] exception 'CException' with message 'A propriedade "Cliente.Nome" não está definida.' in /var/www/yii-1.1.13.e9e4a0/framework/base/CComponent.php:130
Stack trace:
#0 /var/www/yii-1.1.13.e9e4a0/framework/db/ar/CActiveRecord.php(143): CComponent->__get('Nome')
#1 /var/www/yiiprojetos/PlanerEngenharia/protected/views/cliente/view.php(17): CActiveRecord->__get('Nome')
#2 /var/www/yii-1.1.13.e9e4a0/framework/web/CBaseController.php(126): require('/var/www/yiipro...')
#3 /var/www/yii-1.1.13.e9e4a0/framework/web/CBaseController.php(95): CBaseController->renderInternal('/var/www/yiipro...', Array, true)
#4 /var/www/yii-1.1.13.e9e4a0/framework/web/CController.php(869): CBaseController->renderFile('/var/www/yiipro...', Array, true)
#5 /var/www/yii-1.1.13.e9e4a0/framework/web/CController.php(782): CController->renderPartial('view', Array, true)
#6 /var/www/yiiprojetos/PlanerEngenharia/protected/controllers/ClienteController.php(55): CController->render('view', Array)
#7 [internal function]: ClienteController->actionView('1')
#8 /var/www/yii-1.1.13.e9e4a0/framework/web/actions/CAction.php(108): ReflectionMethod->invokeArgs(Object(ClienteController), Array)
#9 /var/www/yii-1.1.13.e9e4a0/framework/web/actions/CInlineAction.php(47): CAction->runWithParamsInternal(Object(ClienteController), Object(ReflectionMethod), Array)
#10 /var/www/yii-1.1.13.e9e4a0/framework/web/CController.php(308): CInlineAction->runWithParams(Array)
#11 /var/www/yii-1.1.13.e9e4a0/framework/web/filters/CFilterChain.php(133): CController->runAction(Object(CInlineAction))
#12 /var/www/yii-1.1.13.e9e4a0/framework/web/filters/CFilter.php(40): CFilterChain->run()
#13 /var/www/yii-1.1.13.e9e4a0/framework/web/CController.php(1145): CFilter->filter(Object(CFilterChain))
#14 /var/www/yii-1.1.13.e9e4a0/framework/web/filters/CInlineFilter.php(58): CController->filterAccessControl(Object(CFilterChain))
#15 /var/www/yii-1.1.13.e9e4a0/framework/web/filters/CFilterChain.php(130): CInlineFilter->filter(Object(CFilterChain))
#16 /var/www/yii-1.1.13.e9e4a0/framework/web/CController.php(291): CFilterChain->run()
#17 /var/www/yii-1.1.13.e9e4a0/framework/web/CController.php(265): CController->runActionWithFilters(Object(CInlineAction), Array)
#18 /var/www/yii-1.1.13.e9e4a0/framework/web/CWebApplication.php(282): CController->run('view')
#19 /var/www/yii-1.1.13.e9e4a0/framework/web/CWebApplication.php(141): CWebApplication->runController('cliente/view')
#20 /var/www/yii-1.1.13.e9e4a0/framework/base/CApplication.php(169): CWebApplication->processRequest()
#21 /var/www/yiiprojetos/PlanerEngenharia/index.php(13): CApplication->run()
#22 {main}
REQUEST_URI=/yiiprojetos/PlanerEngenharia/index.php/cliente/1
HTTP_REFERER=http://localhost/yiiprojetos/PlanerEngenharia/index.php/cliente/admin
---
2013/07/30 19:08:40 [error] [exception.CException] exception 'CException' with message 'A propriedade "Cliente.Nome" não está definida.' in /var/www/yii-1.1.13.e9e4a0/framework/base/CComponent.php:130
Stack trace:
#0 /var/www/yii-1.1.13.e9e4a0/framework/db/ar/CActiveRecord.php(143): CComponent->__get('Nome')
#1 /var/www/yiiprojetos/PlanerEngenharia/protected/views/cliente/view.php(17): CActiveRecord->__get('Nome')
#2 /var/www/yii-1.1.13.e9e4a0/framework/web/CBaseController.php(126): require('/var/www/yiipro...')
#3 /var/www/yii-1.1.13.e9e4a0/framework/web/CBaseController.php(95): CBaseController->renderInternal('/var/www/yiipro...', Array, true)
#4 /var/www/yii-1.1.13.e9e4a0/framework/web/CController.php(869): CBaseController->renderFile('/var/www/yiipro...', Array, true)
#5 /var/www/yii-1.1.13.e9e4a0/framework/web/CController.php(782): CController->renderPartial('view', Array, true)
#6 /var/www/yiiprojetos/PlanerEngenharia/protected/controllers/ClienteController.php(55): CController->render('view', Array)
#7 [internal function]: ClienteController->actionView('1')
#8 /var/www/yii-1.1.13.e9e4a0/framework/web/actions/CAction.php(108): ReflectionMethod->invokeArgs(Object(ClienteController), Array)
#9 /var/www/yii-1.1.13.e9e4a0/framework/web/actions/CInlineAction.php(47): CAction->runWithParamsInternal(Object(ClienteController), Object(ReflectionMethod), Array)
#10 /var/www/yii-1.1.13.e9e4a0/framework/web/CController.php(308): CInlineAction->runWithParams(Array)
#11 /var/www/yii-1.1.13.e9e4a0/framework/web/filters/CFilterChain.php(133): CController->runAction(Object(CInlineAction))
#12 /var/www/yii-1.1.13.e9e4a0/framework/web/filters/CFilter.php(40): CFilterChain->run()
#13 /var/www/yii-1.1.13.e9e4a0/framework/web/CController.php(1145): CFilter->filter(Object(CFilterChain))
#14 /var/www/yii-1.1.13.e9e4a0/framework/web/filters/CInlineFilter.php(58): CController->filterAccessControl(Object(CFilterChain))
#15 /var/www/yii-1.1.13.e9e4a0/framework/web/filters/CFilterChain.php(130): CInlineFilter->filter(Object(CFilterChain))
#16 /var/www/yii-1.1.13.e9e4a0/framework/web/CController.php(291): CFilterChain->run()
#17 /var/www/yii-1.1.13.e9e4a0/framework/web/CController.php(265): CController->runActionWithFilters(Object(CInlineAction), Array)
#18 /var/www/yii-1.1.13.e9e4a0/framework/web/CWebApplication.php(282): CController->run('view')
#19 /var/www/yii-1.1.13.e9e4a0/framework/web/CWebApplication.php(141): CWebApplication->runController('cliente/view')
#20 /var/www/yii-1.1.13.e9e4a0/framework/base/CApplication.php(169): CWebApplication->processRequest()
#21 /var/www/yiiprojetos/PlanerEngenharia/index.php(13): CApplication->run()
#22 {main}
REQUEST_URI=/yiiprojetos/PlanerEngenharia/index.php/cliente/1
HTTP_REFERER=http://localhost/yiiprojetos/PlanerEngenharia/index.php/cliente/admin
---
